<?xml version="1.0"?>
<testsuites>
<testsuite xmlns:xsi="http://www.w3.org/2001/XMLSchema-instance" xsi:noNamespaceSchemaLocation="https://maven.apache.org/surefire/maven-surefire-plugin/xsd/surefire-test-report.xsd" name="com.devsu.hackerearth.backend.account.sampleTest" time="4.445" tests="4" errors="0" skipped="0" failures="1">
  
  <properties>
[...]
</properties>
  
  <testcase name="testCreateAccount" classname="com.devsu.hackerearth.backend.account.sampleTest" time="0.253">
    
    <failure message="Status expected:&lt;201&gt; but was:&lt;404&gt;" type="java.lang.AssertionError"><![CDATA[java.lang.AssertionError: Status expected:<201> but was:<404>
	at com.devsu.hackerearth.backend.account.sampleTest.testCreateAccount(sampleTest.java:70)]]></failure>
    
    <system-out><![CDATA[06:00:53.223 [main] DEBUG org.springframework.test.context.BootstrapUtils - Instantiating CacheAwareContextLoaderDelegate from class [org.springframework.test.context.cache.DefaultCacheAwareContextLoaderDelegate]
06:00:53.233 [main] DEBUG org.springframework.test.context.BootstrapUtils - Instantiating BootstrapContext using constructor [public org.springframework.test.context.support.DefaultBootstrapContext(java.lang.Class,org.springframework.test.context.CacheAwareContextLoaderDelegate)]
06:00:53.260 [main] DEBUG org.springframework.test.context.BootstrapUtils - Instantiating TestContextBootstrapper for test class [com.devsu.hackerearth.backend.account.sampleTest] from class [org.springframework.boot.test.context.SpringBootTestContextBootstrapper]
06:00:53.269 [main] INFO org.springframework.boot.test.context.SpringBootTestContextBootstrapper - Neither @ContextConfiguration nor @ContextHierarchy found for test class [com.devsu.hackerearth.backend.account.sampleTest], using SpringBootContextLoader
06:00:53.272 [main] DEBUG org.springframework.test.context.support.AbstractContextLoader - Did not detect default resource location for test class [com.devsu.hackerearth.backend.account.sampleTest]: class path resource [com/devsu/hackerearth/backend/account/sampleTest-context.xml] does not exist
06:00:53.272 [main] DEBUG org.springframework.test.context.support.AbstractContextLoader - Did not detect default resource location for test class [com.devsu.hackerearth.backend.account.sampleTest]: class path resource [com/devsu/hackerearth/backend/account/sampleTestContext.groovy] does not exist
06:00:53.272 [main] INFO org.springframework.test.context.support.AbstractContextLoader - Could not detect default resource locations for test class [com.devsu.hackerearth.backend.account.sampleTest]: no resource found for suffixes {-context.xml, Context.groovy}.
06:00:53.273 [main] INFO org.springframework.test.context.support.AnnotationConfigContextLoaderUtils - Could not detect default configuration classes for test class [com.devsu.hackerearth.backend.account.sampleTest]: sampleTest does not declare any static, non-private, non-final, nested classes annotated with @Configuration.
06:00:53.326 [main] DEBUG org.springframework.test.context.support.ActiveProfilesUtils - Could not find an 'annotation declaring class' for annotation type [org.springframework.test.context.ActiveProfiles] and class [com.devsu.hackerearth.backend.account.sampleTest]
06:00:53.371 [main] DEBUG org.springframework.context.annotation.ClassPathScanningCandidateComponentProvider - Identified candidate component class: file [/home/project/Microservices/BankApplication/account/target/classes/com/devsu/hackerearth/backend/account/AccountApplication.class]
06:00:53.372 [main] INFO org.springframework.boot.test.context.SpringBootTestContextBootstrapper - Found @SpringBootConfiguration com.devsu.hackerearth.backend.account.AccountApplication for test class com.devsu.hackerearth.backend.account.sampleTest
06:00:53.439 [main] DEBUG org.springframework.boot.test.context.SpringBootTestContextBootstrapper - @TestExecutionListeners is not present for class [com.devsu.hackerearth.backend.account.sampleTest]: using defaults.
06:00:53.440 [main] INFO org.springframework.boot.test.context.SpringBootTestContextBootstrapper - Loaded default TestExecutionListener class names from location [META-INF/spring.factories]: [org.springframework.boot.test.mock.mockito.MockitoTestExecutionListener, org.springframework.boot.test.mock.mockito.ResetMocksTestExecutionListener, org.springframework.boot.test.autoconfigure.restdocs.RestDocsTestExecutionListener, org.springframework.boot.test.autoconfigure.web.client.MockRestServiceServerResetTestExecutionListener, org.springframework.boot.test.autoconfigure.web.servlet.MockMvcPrintOnlyOnFailureTestExecutionListener, org.springframework.boot.test.autoconfigure.web.servlet.WebDriverTestExecutionListener, org.springframework.boot.test.autoconfigure.webservices.client.MockWebServiceServerTestExecutionListener, org.springframework.test.context.web.ServletTestExecutionListener, org.springframework.test.context.support.DirtiesContextBeforeModesTestExecutionListener, org.springframework.test.context.event.ApplicationEventsTestExecutionListener, org.springframework.test.context.support.DependencyInjectionTestExecutionListener, org.springframework.test.context.support.DirtiesContextTestExecutionListener, org.springframework.test.context.transaction.TransactionalTestExecutionListener, org.springframework.test.context.jdbc.SqlScriptsTestExecutionListener, org.springframework.test.context.event.EventPublishingTestExecutionListener]
06:00:53.450 [main] INFO org.springframework.boot.test.context.SpringBootTestContextBootstrapper - Using TestExecutionListeners: [org.springframework.test.context.web.ServletTestExecutionListener@600b9d27, org.springframework.test.context.support.DirtiesContextBeforeModesTestExecutionListener@3688eb5b, org.springframework.test.context.event.ApplicationEventsTestExecutionListener@69f1a286, org.springframework.boot.test.mock.mockito.MockitoTestExecutionListener@7922d892, org.springframework.boot.test.autoconfigure.SpringBootDependencyInjectionTestExecutionListener@457c9034, org.springframework.test.context.support.DirtiesContextTestExecutionListener@345f69f3, org.springframework.test.context.transaction.TransactionalTestExecutionListener@50de186c, org.springframework.test.context.jdbc.SqlScriptsTestExecutionListener@3f57bcad, org.springframework.test.context.event.EventPublishingTestExecutionListener@1e8b7643, org.springframework.boot.test.mock.mockito.ResetMocksTestExecutionListener@51549490, org.springframework.boot.test.autoconfigure.restdocs.RestDocsTestExecutionListener@71e9ebae, org.springframework.boot.test.autoconfigure.web.client.MockRestServiceServerResetTestExecutionListener@73d983ea, org.springframework.boot.test.autoconfigure.web.servlet.MockMvcPrintOnlyOnFailureTestExecutionListener@36a5cabc, org.springframework.boot.test.autoconfigure.web.servlet.WebDriverTestExecutionListener@432038ec, org.springframework.boot.test.autoconfigure.webservices.client.MockWebServiceServerTestExecutionListener@7daa0fbd]
06:00:53.452 [main] DEBUG org.springframework.test.context.support.AbstractDirtiesContextTestExecutionListener - Before test class: context [DefaultTestContext@be68757 testClass = sampleTest, testInstance = [null], testMethod = [null], testException = [null], mergedContextConfiguration = [WebMergedContextConfiguration@7d446ed1 testClass = sampleTest, locations = '{}', classes = '{class com.devsu.hackerearth.backend.account.AccountApplication}', contextInitializerClasses = '[]', activeProfiles = '{}', propertySourceLocations = '{}', propertySourceProperties = '{org.springframework.boot.test.context.SpringBootTestContextBootstrapper=true}', contextCustomizers = set[[ImportsContextCustomizer@12d2ce03 key = [org.springframework.boot.test.autoconfigure.web.servlet.MockMvcAutoConfiguration, org.springframework.boot.test.autoconfigure.web.servlet.MockMvcWebClientAutoConfiguration, org.springframework.boot.test.autoconfigure.web.servlet.MockMvcWebDriverAutoConfiguration, org.springframework.boot.autoconfigure.security.oauth2.client.servlet.OAuth2ClientAutoConfiguration, org.springframework.boot.autoconfigure.security.oauth2.resource.servlet.OAuth2ResourceServerAutoConfiguration, org.springframework.boot.autoconfigure.security.servlet.SecurityAutoConfiguration, org.springframework.boot.autoconfigure.security.servlet.SecurityFilterAutoConfiguration, org.springframework.boot.autoconfigure.security.servlet.UserDetailsServiceAutoConfiguration, org.springframework.boot.test.autoconfigure.web.servlet.MockMvcSecurityConfiguration]], org.springframework.boot.test.context.filter.ExcludeFilterContextCustomizer@57d7f8ca, org.springframework.boot.test.json.DuplicateJsonObjectContextCustomizerFactory$DuplicateJsonObjectContextCustomizer@67c33749, org.springframework.boot.test.mock.mockito.MockitoContextCustomizer@0, org.springframework.boot.test.web.client.TestRestTemplateContextCustomizer@6da21078, org.springframework.boot.test.autoconfigure.actuate.metrics.MetricsExportContextCustomizerFactory$DisableMetricExportContextCustomizer@22ef9844, org.springframework.boot.test.autoconfigure.properties.PropertyMappingContextCustomizer@4b3fa0b3, org.springframework.boot.test.autoconfigure.web.servlet.WebDriverContextCustomizerFactory$Customizer@21e360a, org.springframework.boot.test.context.SpringBootTestArgs@1, org.springframework.boot.test.context.SpringBootTestWebEnvironment@394e1a0f], resourceBasePath = 'src/main/webapp', contextLoader = 'org.springframework.boot.test.context.SpringBootContextLoader', parent = [null]], attributes = map['org.springframework.test.context.web.ServletTestExecutionListener.activateListener' -> true]], class annotated with @DirtiesContext [false] with mode [null].
06:00:53.752 [main] DEBUG org.springframework.test.context.support.TestPropertySourceUtils - Adding inlined properties to environment: {spring.jmx.enabled=false, org.springframework.boot.test.context.SpringBootTestContextBootstrapper=true}

  .   ____          _            __ _ _
 /\\ / ___'_ __ _ _(_)_ __  __ _ \ \ \ \
( ( )\___ | '_ | '_| | '_ \/ _` | \ \ \ \
 \\/  ___)| |_)| | | | | || (_| |  ) ) ) )
  '  |____| .__|_| |_|_| |_\__, | / / / /
 =========|_|==============|___/=/_/_/_/
 :: Spring Boot ::                (v2.4.2)

2025-08-26 06:00:53.973  INFO 87977 --- [           main] c.d.h.backend.account.sampleTest         : Starting sampleTest using Java 11.0.27 on ip-172-25-10-108.ap-south-1.compute.internal with PID 87977 (started by root in /home/project/Microservices/BankApplication/account)
2025-08-26 06:00:53.978  INFO 87977 --- [           main] c.d.h.backend.account.sampleTest         : No active profile set, falling back to default profiles: default
2025-08-26 06:00:54.683  INFO 87977 --- [           main] .s.d.r.c.RepositoryConfigurationDelegate : Bootstrapping Spring Data JPA repositories in DEFAULT mode.
2025-08-26 06:00:54.732  INFO 87977 --- [           main] .s.d.r.c.RepositoryConfigurationDelegate : Finished Spring Data repository scanning in 40 ms. Found 2 JPA repository interfaces.
2025-08-26 06:00:55.167  INFO 87977 --- [           main] com.zaxxer.hikari.HikariDataSource       : HikariPool-1 - Starting...
2025-08-26 06:00:55.294  INFO 87977 --- [           main] com.zaxxer.hikari.HikariDataSource       : HikariPool-1 - Start completed.
2025-08-26 06:00:55.357  INFO 87977 --- [           main] o.hibernate.jpa.internal.util.LogHelper  : HHH000204: Processing PersistenceUnitInfo [name: default]
2025-08-26 06:00:55.397  INFO 87977 --- [           main] org.hibernate.Version                    : HHH000412: Hibernate ORM core version 5.4.27.Final
2025-08-26 06:00:55.427  INFO 87977 --- [           main] o.hibernate.annotations.common.Version   : HCANN000001: Hibernate Commons Annotations {5.1.2.Final}
2025-08-26 06:00:55.526  INFO 87977 --- [           main] org.hibernate.dialect.Dialect            : HHH000400: Using dialect: org.hibernate.dialect.H2Dialect
2025-08-26 06:00:55.996  INFO 87977 --- [           main] o.h.e.t.j.p.i.JtaPlatformInitiator       : HHH000490: Using JtaPlatform implementation: [org.hibernate.engine.transaction.jta.platform.internal.NoJtaPlatform]
2025-08-26 06:00:56.002  INFO 87977 --- [           main] j.LocalContainerEntityManagerFactoryBean : Initialized JPA EntityManagerFactory for persistence unit 'default'
2025-08-26 06:00:56.719  WARN 87977 --- [           main] JpaBaseConfiguration$JpaWebConfiguration : spring.jpa.open-in-view is enabled by default. Therefore, database queries may be performed during view rendering. Explicitly configure spring.jpa.open-in-view to disable this warning
2025-08-26 06:00:56.956  INFO 87977 --- [           main] o.s.s.concurrent.ThreadPoolTaskExecutor  : Initializing ExecutorService 'applicationTaskExecutor'
2025-08-26 06:00:57.279  INFO 87977 --- [           main] o.s.b.t.m.w.SpringBootMockServletContext : Initializing Spring TestDispatcherServlet ''
2025-08-26 06:00:57.280  INFO 87977 --- [           main] o.s.t.web.servlet.TestDispatcherServlet  : Initializing Servlet ''
2025-08-26 06:00:57.280  INFO 87977 --- [           main] o.s.t.web.servlet.TestDispatcherServlet  : Completed initialization in 0 ms
2025-08-26 06:00:57.296  INFO 87977 --- [           main] c.d.h.backend.account.sampleTest         : Started sampleTest in 3.54 seconds (JVM running for 4.618)

MockHttpServletRequest:
      HTTP Method = POST
      Request URI = /api/accounts
       Parameters = {}
          Headers = [Content-Type:"application/json;charset=UTF-8", Content-Length:"101"]
             Body = {"id":null,"number":"1234567890","type":"savings","initialAmount":100.0,"clientId":1,"isActive":true}
    Session Attrs = {}

Handler:
             Type = com.devsu.hackerearth.backend.account.controller.AccountController
           Method = com.devsu.hackerearth.backend.account.controller.AccountController#create(AccountDto)

Async:
    Async started = false
     Async result = null

Resolved Exception:
             Type = com.devsu.hackerearth.backend.account.exception.NotFoundException

ModelAndView:
        View name = null
             View = null
            Model = null

FlashMap:
       Attributes = null

MockHttpServletResponse:
           Status = 404
    Error message = null
          Headers = [Content-Type:"application/json"]
     Content type = application/json
             Body = {"code":404,"error":"Not Found","message":"User account not exist","timestamp":"2025-08-26T06:00:57.532782"}
    Forwarded URL = null
   Redirected URL = null
          Cookies = []]]></system-out>
    
  </testcase>
  
  <testcase name="testCreateAccountReturnBadRequest" classname="com.devsu.hackerearth.backend.account.sampleTest" time="0.02"/>
  
  <testcase name="testGetClients_NOTFOUND" classname="com.devsu.hackerearth.backend.account.sampleTest" time="0.007"/>
  
  <testcase name="createAccountTest" classname="com.devsu.hackerearth.backend.account.sampleTest" time="0.016"/>
  
</testsuite>
<testsuite xmlns:xsi="http://www.w3.org/2001/XMLSchema-instance" xsi:noNamespaceSchemaLocation="https://maven.apache.org/surefire/maven-surefire-plugin/xsd/surefire-test-report.xsd" name="com.devsu.hackerearth.backend.client.sampleTest" time="3.843" tests="4" errors="0" skipped="0" failures="0">
  
  <properties>
[...]
</properties>
  
  <testcase name="createClientTest" classname="com.devsu.hackerearth.backend.client.sampleTest" time="0.042"/>
  
  <testcase name="findClientTest" classname="com.devsu.hackerearth.backend.client.sampleTest" time="0.003"/>
  
  <testcase name="findClientDoesNotExist" classname="com.devsu.hackerearth.backend.client.sampleTest" time="0.002"/>
  
  <testcase name="updateClientNotExistTest" classname="com.devsu.hackerearth.backend.client.sampleTest" time="0.002"/>
  
</testsuite>
</testsuites>